<?xml version="1.0" encoding="UTF-8"?><testrun name="TestRunner" project="Cucumber" tests="15" started="15" failures="0" errors="4" ignored="12">
  <testsuite name="com.cucumber.runner.TestRunner" time="44.379">
    <testsuite name="Feature: AdactIn Automation End to End testing" time="44.379">
      <testsuite name="Scenario Outline: To check Hotel name, Location, room type, Total Day, price per night are same in Booking confirmation page as they were selected in previous screen" time="44.379">
        <testsuite name="Examples:" time="44.379">
          <testsuite name="| 2 | &quot;Sydney&quot; | &quot;Hotel Creek&quot; | &quot;Standard&quot; | &quot;AUD $ 125&quot; | 1 |" time="41.553" incomplete="true">
            <error>java.lang.RuntimeException&#13;
	at com.selenium.baseclass.Cucumber.BaseClassMaven.inputValue(BaseClassMaven.java:128)&#13;
	at com.adactin.stepdefinition.StepDefinitionAdactIn.user_enter_the_User_name_in_the_welcome_page(StepDefinitionAdactIn.java:47)&#13;
	at ✽.When User enter the User-name in the welcome page(AdactinAutomationEndtoEnd.feature:174)&#13;
&#13;
cucumber.api.PendingException: TODO: implement me&#13;
	at cucumber.runtime.junit.JUnitReporter.addFailure(JUnitReporter.java:150)&#13;
	at cucumber.runtime.junit.JUnitReporter.addFailureOrIgnoreStep(JUnitReporter.java:138)&#13;
	at cucumber.runtime.junit.JUnitReporter.result(JUnitReporter.java:98)&#13;
	at cucumber.runtime.Runtime.runStep(Runtime.java:282)&#13;
	at cucumber.runtime.model.StepContainer.runStep(StepContainer.java:44)&#13;
	at cucumber.runtime.model.StepContainer.runSteps(StepContainer.java:39)&#13;
	at cucumber.runtime.model.CucumberScenario.run(CucumberScenario.java:44)&#13;
	at cucumber.runtime.junit.ExecutionUnitRunner.run(ExecutionUnitRunner.java:102)&#13;
	at org.junit.runners.Suite.runChild(Suite.java:128)&#13;
	at org.junit.runners.Suite.runChild(Suite.java:27)&#13;
	at org.junit.runners.ParentRunner$3.run(ParentRunner.java:290)&#13;
	at org.junit.runners.ParentRunner$1.schedule(ParentRunner.java:71)&#13;
	at org.junit.runners.ParentRunner.runChildren(ParentRunner.java:288)&#13;
	at org.junit.runners.ParentRunner.access$000(ParentRunner.java:58)&#13;
	at org.junit.runners.ParentRunner$2.evaluate(ParentRunner.java:268)&#13;
	at org.junit.runners.ParentRunner.run(ParentRunner.java:363)&#13;
	at cucumber.runtime.junit.ExamplesRunner.run(ExamplesRunner.java:59)&#13;
	at org.junit.runners.Suite.runChild(Suite.java:128)&#13;
	at org.junit.runners.Suite.runChild(Suite.java:27)&#13;
	at org.junit.runners.ParentRunner$3.run(ParentRunner.java:290)&#13;
	at org.junit.runners.ParentRunner$1.schedule(ParentRunner.java:71)&#13;
	at org.junit.runners.ParentRunner.runChildren(ParentRunner.java:288)&#13;
	at org.junit.runners.ParentRunner.access$000(ParentRunner.java:58)&#13;
	at org.junit.runners.ParentRunner$2.evaluate(ParentRunner.java:268)&#13;
	at org.junit.runners.ParentRunner.run(ParentRunner.java:363)&#13;
	at cucumber.runtime.junit.ScenarioOutlineRunner.run(ScenarioOutlineRunner.java:53)&#13;
	at cucumber.runtime.junit.FeatureRunner.runChild(FeatureRunner.java:63)&#13;
	at cucumber.runtime.junit.FeatureRunner.runChild(FeatureRunner.java:18)&#13;
	at org.junit.runners.ParentRunner$3.run(ParentRunner.java:290)&#13;
	at org.junit.runners.ParentRunner$1.schedule(ParentRunner.java:71)&#13;
	at org.junit.runners.ParentRunner.runChildren(ParentRunner.java:288)&#13;
	at org.junit.runners.ParentRunner.access$000(ParentRunner.java:58)&#13;
	at org.junit.runners.ParentRunner$2.evaluate(ParentRunner.java:268)&#13;
	at org.junit.runners.ParentRunner.run(ParentRunner.java:363)&#13;
	at cucumber.runtime.junit.FeatureRunner.run(FeatureRunner.java:70)&#13;
	at cucumber.api.junit.Cucumber.runChild(Cucumber.java:95)&#13;
	at cucumber.api.junit.Cucumber.runChild(Cucumber.java:38)&#13;
	at org.junit.runners.ParentRunner$3.run(ParentRunner.java:290)&#13;
	at org.junit.runners.ParentRunner$1.schedule(ParentRunner.java:71)&#13;
	at org.junit.runners.ParentRunner.runChildren(ParentRunner.java:288)&#13;
	at org.junit.runners.ParentRunner.access$000(ParentRunner.java:58)&#13;
	at org.junit.runners.ParentRunner$2.evaluate(ParentRunner.java:268)&#13;
	at org.junit.internal.runners.statements.RunBefores.evaluate(RunBefores.java:26)&#13;
	at org.junit.internal.runners.statements.RunAfters.evaluate(RunAfters.java:27)&#13;
	at org.junit.runners.ParentRunner.run(ParentRunner.java:363)&#13;
	at cucumber.api.junit.Cucumber.run(Cucumber.java:100)&#13;
	at org.eclipse.jdt.internal.junit4.runner.JUnit4TestReference.run(JUnit4TestReference.java:89)&#13;
	at org.eclipse.jdt.internal.junit.runner.TestExecution.run(TestExecution.java:41)&#13;
	at org.eclipse.jdt.internal.junit.runner.RemoteTestRunner.runTests(RemoteTestRunner.java:541)&#13;
	at org.eclipse.jdt.internal.junit.runner.RemoteTestRunner.runTests(RemoteTestRunner.java:763)&#13;
	at org.eclipse.jdt.internal.junit.runner.RemoteTestRunner.run(RemoteTestRunner.java:463)&#13;
	at org.eclipse.jdt.internal.junit.runner.RemoteTestRunner.main(RemoteTestRunner.java:209)&#13;
&#13;
</error>
            <testcase name="Given User launch the AdactIn Hotel Reservation application using URL as in the test data" classname="| 2 | &quot;Sydney&quot; | &quot;Hotel Creek&quot; | &quot;Standard&quot; | &quot;AUD . 125&quot; | 1 |" time="41.494"/>
            <testcase name="When User enter the User-name in the welcome page" classname="| 2 | &quot;Sydney&quot; | &quot;Hotel Creek&quot; | &quot;Standard&quot; | &quot;AUD . 125&quot; | 1 |" time="0.057">
              <error>java.lang.RuntimeException&#13;
	at com.selenium.baseclass.Cucumber.BaseClassMaven.inputValue(BaseClassMaven.java:128)&#13;
	at com.adactin.stepdefinition.StepDefinitionAdactIn.user_enter_the_User_name_in_the_welcome_page(StepDefinitionAdactIn.java:47)&#13;
	at ✽.When User enter the User-name in the welcome page(AdactinAutomationEndtoEnd.feature:174)&#13;
&#13;
</error>
            </testcase>
            <testcase name="And User enter the Password in the welcome page" classname="| 2 | &quot;Sydney&quot; | &quot;Hotel Creek&quot; | &quot;Standard&quot; | &quot;AUD . 125&quot; | 1 |" time="0.009" ignored="true"/>
            <testcase name="And User click on the Login button" classname="| 2 | &quot;Sydney&quot; | &quot;Hotel Creek&quot; | &quot;Standard&quot; | &quot;AUD . 125&quot; | 1 |" time="0.011" ignored="true"/>
            <testcase name="When User select the Location  '&quot;Sydney&quot;'" classname="| 2 | &quot;Sydney&quot; | &quot;Hotel Creek&quot; | &quot;Standard&quot; | &quot;AUD . 125&quot; | 1 |" time="0.008" ignored="true"/>
            <testcase name="And User select the hotel  '&quot;Hotel Creek&quot;'" classname="| 2 | &quot;Sydney&quot; | &quot;Hotel Creek&quot; | &quot;Standard&quot; | &quot;AUD . 125&quot; | 1 |" time="0.011" ignored="true"/>
            <testcase name="And User select Room type  '&quot;Standard&quot;'" classname="| 2 | &quot;Sydney&quot; | &quot;Hotel Creek&quot; | &quot;Standard&quot; | &quot;AUD . 125&quot; | 1 |" time="0.008" ignored="true"/>
            <testcase name="And User select the Number of Rooms  '2'" classname="| 2 | &quot;Sydney&quot; | &quot;Hotel Creek&quot; | &quot;Standard&quot; | &quot;AUD . 125&quot; | 1 |" time="0.003">
              <error>cucumber.api.PendingException: TODO: implement me&#13;
	at cucumber.runtime.junit.JUnitReporter.addFailure(JUnitReporter.java:150)&#13;
	at cucumber.runtime.junit.JUnitReporter.addFailureOrIgnoreStep(JUnitReporter.java:138)&#13;
	at cucumber.runtime.junit.JUnitReporter.result(JUnitReporter.java:98)&#13;
	at cucumber.runtime.Runtime.runStep(Runtime.java:282)&#13;
	at cucumber.runtime.model.StepContainer.runStep(StepContainer.java:44)&#13;
	at cucumber.runtime.model.StepContainer.runSteps(StepContainer.java:39)&#13;
	at cucumber.runtime.model.CucumberScenario.run(CucumberScenario.java:44)&#13;
	at cucumber.runtime.junit.ExecutionUnitRunner.run(ExecutionUnitRunner.java:102)&#13;
	at org.junit.runners.Suite.runChild(Suite.java:128)&#13;
	at org.junit.runners.Suite.runChild(Suite.java:27)&#13;
	at org.junit.runners.ParentRunner$3.run(ParentRunner.java:290)&#13;
	at org.junit.runners.ParentRunner$1.schedule(ParentRunner.java:71)&#13;
	at org.junit.runners.ParentRunner.runChildren(ParentRunner.java:288)&#13;
	at org.junit.runners.ParentRunner.access$000(ParentRunner.java:58)&#13;
	at org.junit.runners.ParentRunner$2.evaluate(ParentRunner.java:268)&#13;
	at org.junit.runners.ParentRunner.run(ParentRunner.java:363)&#13;
	at cucumber.runtime.junit.ExamplesRunner.run(ExamplesRunner.java:59)&#13;
	at org.junit.runners.Suite.runChild(Suite.java:128)&#13;
	at org.junit.runners.Suite.runChild(Suite.java:27)&#13;
	at org.junit.runners.ParentRunner$3.run(ParentRunner.java:290)&#13;
	at org.junit.runners.ParentRunner$1.schedule(ParentRunner.java:71)&#13;
	at org.junit.runners.ParentRunner.runChildren(ParentRunner.java:288)&#13;
	at org.junit.runners.ParentRunner.access$000(ParentRunner.java:58)&#13;
	at org.junit.runners.ParentRunner$2.evaluate(ParentRunner.java:268)&#13;
	at org.junit.runners.ParentRunner.run(ParentRunner.java:363)&#13;
	at cucumber.runtime.junit.ScenarioOutlineRunner.run(ScenarioOutlineRunner.java:53)&#13;
	at cucumber.runtime.junit.FeatureRunner.runChild(FeatureRunner.java:63)&#13;
	at cucumber.runtime.junit.FeatureRunner.runChild(FeatureRunner.java:18)&#13;
	at org.junit.runners.ParentRunner$3.run(ParentRunner.java:290)&#13;
	at org.junit.runners.ParentRunner$1.schedule(ParentRunner.java:71)&#13;
	at org.junit.runners.ParentRunner.runChildren(ParentRunner.java:288)&#13;
	at org.junit.runners.ParentRunner.access$000(ParentRunner.java:58)&#13;
	at org.junit.runners.ParentRunner$2.evaluate(ParentRunner.java:268)&#13;
	at org.junit.runners.ParentRunner.run(ParentRunner.java:363)&#13;
	at cucumber.runtime.junit.FeatureRunner.run(FeatureRunner.java:70)&#13;
	at cucumber.api.junit.Cucumber.runChild(Cucumber.java:95)&#13;
	at cucumber.api.junit.Cucumber.runChild(Cucumber.java:38)&#13;
	at org.junit.runners.ParentRunner$3.run(ParentRunner.java:290)&#13;
	at org.junit.runners.ParentRunner$1.schedule(ParentRunner.java:71)&#13;
	at org.junit.runners.ParentRunner.runChildren(ParentRunner.java:288)&#13;
	at org.junit.runners.ParentRunner.access$000(ParentRunner.java:58)&#13;
	at org.junit.runners.ParentRunner$2.evaluate(ParentRunner.java:268)&#13;
	at org.junit.internal.runners.statements.RunBefores.evaluate(RunBefores.java:26)&#13;
	at org.junit.internal.runners.statements.RunAfters.evaluate(RunAfters.java:27)&#13;
	at org.junit.runners.ParentRunner.run(ParentRunner.java:363)&#13;
	at cucumber.api.junit.Cucumber.run(Cucumber.java:100)&#13;
	at org.eclipse.jdt.internal.junit4.runner.JUnit4TestReference.run(JUnit4TestReference.java:89)&#13;
	at org.eclipse.jdt.internal.junit.runner.TestExecution.run(TestExecution.java:41)&#13;
	at org.eclipse.jdt.internal.junit.runner.RemoteTestRunner.runTests(RemoteTestRunner.java:541)&#13;
	at org.eclipse.jdt.internal.junit.runner.RemoteTestRunner.runTests(RemoteTestRunner.java:763)&#13;
	at org.eclipse.jdt.internal.junit.runner.RemoteTestRunner.run(RemoteTestRunner.java:463)&#13;
	at org.eclipse.jdt.internal.junit.runner.RemoteTestRunner.main(RemoteTestRunner.java:209)&#13;
&#13;
</error>
            </testcase>
            <testcase name="And User select the Check-in-Date as &quot;25/06/2019&quot;" classname="| 2 | &quot;Sydney&quot; | &quot;Hotel Creek&quot; | &quot;Standard&quot; | &quot;AUD . 125&quot; | 1 |" time="0.008" ignored="true"/>
            <testcase name="And User select the Check-out-Date as &quot;26/06/2019&quot;" classname="| 2 | &quot;Sydney&quot; | &quot;Hotel Creek&quot; | &quot;Standard&quot; | &quot;AUD . 125&quot; | 1 |" time="0.008" ignored="true"/>
            <testcase name="And User select the Adult per Room as &quot;1 - One&quot;" classname="| 2 | &quot;Sydney&quot; | &quot;Hotel Creek&quot; | &quot;Standard&quot; | &quot;AUD . 125&quot; | 1 |" time="0.007" ignored="true"/>
            <testcase name="And User click on the Search button" classname="| 2 | &quot;Sydney&quot; | &quot;Hotel Creek&quot; | &quot;Standard&quot; | &quot;AUD . 125&quot; | 1 |" time="0.008" ignored="true"/>
            <testcase name="And User click on the Radio Button to select the hotel" classname="| 2 | &quot;Sydney&quot; | &quot;Hotel Creek&quot; | &quot;Standard&quot; | &quot;AUD . 125&quot; | 1 |" time="0.006" ignored="true"/>
            <testcase name="And User click on the Continue Button" classname="| 2 | &quot;Sydney&quot; | &quot;Hotel Creek&quot; | &quot;Standard&quot; | &quot;AUD . 125&quot; | 1 |" time="0.013" ignored="true"/>
            <testcase name="Then Verify the total data are same in booking confirmation page '&quot;Sydney&quot;' '&quot;Hotel Creek&quot;' '&quot;Standard&quot;' '&quot;AUD $ 125&quot;' '1'" classname="| 2 | &quot;Sydney&quot; | &quot;Hotel Creek&quot; | &quot;Standard&quot; | &quot;AUD . 125&quot; | 1 |" time="2.648" ignored="true"/>
          </testsuite>
        </testsuite>
      </testsuite>
    </testsuite>
  </testsuite>
</testrun>
