<?xml version="1.0" encoding="UTF-8"?><testrun name="TestRunner" project="Cucumber" tests="15" started="15" failures="0" errors="2" ignored="7">
  <testsuite name="com.cucumber.runner.TestRunner" time="23.332">
    <testsuite name="Feature: AdactIn Automation End to End testing" time="23.332">
      <testsuite name="Scenario Outline: To check Hotel name, Location, room type, Total Day, price per night are same in Booking confirmation page as they were selected in previous screen" time="23.332">
        <testsuite name="Examples:" time="23.332">
          <testsuite name="| 2 | &quot;Sydney&quot; | &quot;Hotel Creek&quot; | &quot;Standard&quot; | &quot;AUD $ 125&quot; | 1 |" time="18.897" incomplete="true">
            <error>java.lang.RuntimeException&#13;
	at com.selenium.baseclass.Cucumber.BaseClassMaven.dropDownForText(BaseClassMaven.java:188)&#13;
	at com.adactin.stepdefinition.StepDefinitionAdactIn.user_select_the_Number_of_Rooms(StepDefinitionAdactIn.java:295)&#13;
	at ✽.And User select the Number of Rooms  '2'(AdactinAutomationEndtoEnd.feature:180)&#13;
&#13;
</error>
            <testcase name="Given User launch the AdactIn Hotel Reservation application using URL as in the test data" classname="| 2 | &quot;Sydney&quot; | &quot;Hotel Creek&quot; | &quot;Standard&quot; | &quot;AUD . 125&quot; | 1 |" time="2.089"/>
            <testcase name="When User enter the User-name in the welcome page" classname="| 2 | &quot;Sydney&quot; | &quot;Hotel Creek&quot; | &quot;Standard&quot; | &quot;AUD . 125&quot; | 1 |" time="1.02"/>
            <testcase name="And User enter the Password in the welcome page" classname="| 2 | &quot;Sydney&quot; | &quot;Hotel Creek&quot; | &quot;Standard&quot; | &quot;AUD . 125&quot; | 1 |" time="1.738"/>
            <testcase name="And User click on the Login button" classname="| 2 | &quot;Sydney&quot; | &quot;Hotel Creek&quot; | &quot;Standard&quot; | &quot;AUD . 125&quot; | 1 |" time="0.943"/>
            <testcase name="When User select the Location  '&quot;Sydney&quot;'" classname="| 2 | &quot;Sydney&quot; | &quot;Hotel Creek&quot; | &quot;Standard&quot; | &quot;AUD . 125&quot; | 1 |" time="0.773"/>
            <testcase name="And User select the hotel  '&quot;Hotel Creek&quot;'" classname="| 2 | &quot;Sydney&quot; | &quot;Hotel Creek&quot; | &quot;Standard&quot; | &quot;AUD . 125&quot; | 1 |" time="0.999"/>
            <testcase name="And User select Room type  '&quot;Standard&quot;'" classname="| 2 | &quot;Sydney&quot; | &quot;Hotel Creek&quot; | &quot;Standard&quot; | &quot;AUD . 125&quot; | 1 |" time="11.289"/>
            <testcase name="And User select the Number of Rooms  '2'" classname="| 2 | &quot;Sydney&quot; | &quot;Hotel Creek&quot; | &quot;Standard&quot; | &quot;AUD . 125&quot; | 1 |" time="0.046">
              <error>java.lang.RuntimeException&#13;
	at com.selenium.baseclass.Cucumber.BaseClassMaven.dropDownForText(BaseClassMaven.java:188)&#13;
	at com.adactin.stepdefinition.StepDefinitionAdactIn.user_select_the_Number_of_Rooms(StepDefinitionAdactIn.java:295)&#13;
	at ✽.And User select the Number of Rooms  '2'(AdactinAutomationEndtoEnd.feature:180)&#13;
&#13;
</error>
            </testcase>
            <testcase name="And User select the Check-in-Date as &quot;25/06/2019&quot;" classname="| 2 | &quot;Sydney&quot; | &quot;Hotel Creek&quot; | &quot;Standard&quot; | &quot;AUD . 125&quot; | 1 |" time="0.009" ignored="true"/>
            <testcase name="And User select the Check-out-Date as &quot;26/06/2019&quot;" classname="| 2 | &quot;Sydney&quot; | &quot;Hotel Creek&quot; | &quot;Standard&quot; | &quot;AUD . 125&quot; | 1 |" time="0.006" ignored="true"/>
            <testcase name="And User select the Adult per Room as &quot;1 - One&quot;" classname="| 2 | &quot;Sydney&quot; | &quot;Hotel Creek&quot; | &quot;Standard&quot; | &quot;AUD . 125&quot; | 1 |" time="0.009" ignored="true"/>
            <testcase name="And User click on the Search button" classname="| 2 | &quot;Sydney&quot; | &quot;Hotel Creek&quot; | &quot;Standard&quot; | &quot;AUD . 125&quot; | 1 |" time="0.006" ignored="true"/>
            <testcase name="And User click on the Radio Button to select the hotel" classname="| 2 | &quot;Sydney&quot; | &quot;Hotel Creek&quot; | &quot;Standard&quot; | &quot;AUD . 125&quot; | 1 |" time="0.006" ignored="true"/>
            <testcase name="And User click on the Continue Button" classname="| 2 | &quot;Sydney&quot; | &quot;Hotel Creek&quot; | &quot;Standard&quot; | &quot;AUD . 125&quot; | 1 |" time="0.038" ignored="true"/>
            <testcase name="Then Verify the total data are same in booking confirmation page '&quot;Sydney&quot;' '&quot;Hotel Creek&quot;' '&quot;Standard&quot;' '&quot;AUD $ 125&quot;' '1'" classname="| 2 | &quot;Sydney&quot; | &quot;Hotel Creek&quot; | &quot;Standard&quot; | &quot;AUD . 125&quot; | 1 |" time="4.316" ignored="true"/>
          </testsuite>
        </testsuite>
      </testsuite>
    </testsuite>
  </testsuite>
</testrun>
